<?xml version="1.0" encoding="UTF-8"?>
<!-- Generated by org.testng.reporters.JUnitXMLReporter -->
<testsuite hostname="Ishantk-DSG" ignored="9" name="Lead to Customer Dedupe" tests="1" failures="0" timestamp="02 May 2017 10:21:17 GMT" time="6.48" errors="0">
  <testcase name="NavigatetoLead" time="6.467" classname="TestCases.IndividualLead"/>
  <testcase name="logOutwithCSE" time="0.0" classname="TestCases.IndividualLead">
    <ignored/>
  </testcase> <!-- logOutwithCSE -->
  <testcase name="takeactionByBM" time="0.0" classname="TestCases.IndividualLead">
    <ignored/>
  </testcase> <!-- takeactionByBM -->
  <testcase name="LeadtoCustomerDedupe" time="0.0" classname="TestCases.IndividualLead">
    <ignored/>
  </testcase> <!-- LeadtoCustomerDedupe -->
  <testcase name="moveLeadToDocCollected" time="0.0" classname="TestCases.IndividualLead">
    <ignored/>
  </testcase> <!-- moveLeadToDocCollected -->
  <testcase name="FillCOApplicantLayout" time="0.0" classname="TestCases.IndividualLead">
    <ignored/>
  </testcase> <!-- FillCOApplicantLayout -->
  <testcase name="loginwithbranch" time="0.0" classname="TestCases.IndividualLead">
    <ignored/>
  </testcase> <!-- loginwithbranch -->
  <testcase name="LeadtoLeadDedupe" time="0.0" classname="TestCases.IndividualLead">
    <ignored/>
  </testcase> <!-- LeadtoLeadDedupe -->
  <testcase name="LeadSearchonHome" time="0.0" classname="TestCases.IndividualLead">
    <ignored/>
  </testcase> <!-- LeadSearchonHome -->
  <testcase name="createApplicantLeadOnNewStage" time="0.0" classname="TestCases.IndividualLead">
    <ignored/>
  </testcase> <!-- createApplicantLeadOnNewStage -->
</testsuite> <!-- Lead to Customer Dedupe -->
