<?xml version="1.0" encoding="UTF-8"?>
<!-- Generated by org.testng.reporters.JUnitXMLReporter -->
<testsuite hostname="Ishantk-DSG" ignored="8" name="Lead to Lead deDupe" tests="2" failures="0" timestamp="02 May 2017 10:20:41 GMT" time="23.933" errors="0">
  <testcase name="NavigatetoLead" time="6.244" classname="TestCases.IndividualLead"/>
  <testcase name="createApplicantLeadOnNewStage" time="17.667" classname="TestCases.IndividualLead"/>
  <testcase name="logOutwithCSE" time="0.0" classname="TestCases.IndividualLead">
    <ignored/>
  </testcase> <!-- logOutwithCSE -->
  <testcase name="takeactionByBM" time="0.0" classname="TestCases.IndividualLead">
    <ignored/>
  </testcase> <!-- takeactionByBM -->
  <testcase name="LeadtoCustomerDedupe" time="0.0" classname="TestCases.IndividualLead">
    <ignored/>
  </testcase> <!-- LeadtoCustomerDedupe -->
  <testcase name="moveLeadToDocCollected" time="0.0" classname="TestCases.IndividualLead">
    <ignored/>
  </testcase> <!-- moveLeadToDocCollected -->
  <testcase name="FillCOApplicantLayout" time="0.0" classname="TestCases.IndividualLead">
    <ignored/>
  </testcase> <!-- FillCOApplicantLayout -->
  <testcase name="loginwithbranch" time="0.0" classname="TestCases.IndividualLead">
    <ignored/>
  </testcase> <!-- loginwithbranch -->
  <testcase name="LeadtoLeadDedupe" time="0.0" classname="TestCases.IndividualLead">
    <ignored/>
  </testcase> <!-- LeadtoLeadDedupe -->
  <testcase name="LeadSearchonHome" time="0.0" classname="TestCases.IndividualLead">
    <ignored/>
  </testcase> <!-- LeadSearchonHome -->
</testsuite> <!-- Lead to Lead deDupe -->
