<?xml version="1.0" encoding="UTF-8"?>
<!-- Generated by org.testng.reporters.JUnitXMLReporter -->
<testsuite hostname="Ishantk-DSG" ignored="4" name="Default test" tests="3" failures="0" timestamp="14 Jun 2017 07:10:34 GMT" time="136.447" errors="0">
  <testcase name="NavigatetoLead" time="7.329" classname="TestCases.AssetChanges"/>
  <testcase name="createApplicantLeadOnNewStage" time="14.058" classname="TestCases.AssetChanges"/>
  <testcase name="moveLeadToDocCollected" time="115.048" classname="TestCases.AssetChanges"/>
  <testcase name="coapplicantLeadHandoff" time="0.0" classname="TestCases.AssetChanges">
    <ignored/>
  </testcase> <!-- coapplicantLeadHandoff -->
  <testcase name="CLOSPRocessforparent" time="0.0" classname="TestCases.AssetChanges">
    <ignored/>
  </testcase> <!-- CLOSPRocessforparent -->
  <testcase name="childRLOSProcess" time="0.0" classname="TestCases.AssetChanges">
    <ignored/>
  </testcase> <!-- childRLOSProcess -->
  <testcase name="FillCOApplicantLayout" time="0.0" classname="TestCases.AssetChanges">
    <ignored/>
  </testcase> <!-- FillCOApplicantLayout -->
</testsuite> <!-- Default test -->
