<?xml version="1.0" encoding="UTF-8"?>
<!-- Generated by org.testng.reporters.JUnitXMLReporter -->
<testsuite hostname="Ishantk-DSG" ignored="5" name="Indivial Customer LeadHandoff" tests="7" failures="7" timestamp="27 Oct 2017 13:01:12 GMT" time="1.175" errors="0">
  <testcase name="NavigatetoLead" time="0.811" classname="TestCases.IndividualLead">
    <failure type="java.lang.NullPointerException">
      <![CDATA[java.lang.NullPointerException
	at aufin.appmethods.com.LoginMethod.Enter_txtName(LoginMethod.java:11)
	at TestCases.IndividualLead.NavigatetoLead(IndividualLead.java:42)
... Removed 25 stack frames]]>
    </failure>
  </testcase> <!-- NavigatetoLead -->
  <testcase name="createApplicantLeadOnNewStage" time="0.148" classname="TestCases.IndividualLead">
    <failure type="java.lang.NullPointerException">
      <![CDATA[java.lang.NullPointerException
	at aufin.appmethods.com.LeadMethods.navigate_to_asset(LeadMethods.java:27)
	at TestCases.IndividualLead.createApplicantLeadOnNewStage(IndividualLead.java:78)
... Removed 25 stack frames]]>
    </failure>
  </testcase> <!-- createApplicantLeadOnNewStage -->
  <testcase name="moveLeadToDocCollected" time="0.145" classname="TestCases.IndividualLead">
    <failure type="java.lang.ExceptionInInitializerError">
      <![CDATA[java.lang.ExceptionInInitializerError
	at TestCases.IndividualLead.moveLeadToDocCollected(IndividualLead.java:202)
Caused by: java.lang.NullPointerException
	at aufin.common.com.aufinscript.getHomeScreen(aufinscript.java:393)
	at aufin.reposrity.com.Properties.<clinit>(Properties.java:15)
	... 26 more
... Removed 25 stack frames]]>
    </failure>
  </testcase> <!-- moveLeadToDocCollected -->
  <testcase name="FillCOApplicantLayout" time="0.013" classname="TestCases.IndividualLead">
    <failure type="java.lang.NoClassDefFoundError" message="Could not initialize class aufin.reposrity.com.Properties">
      <![CDATA[java.lang.NoClassDefFoundError: Could not initialize class aufin.reposrity.com.Properties
	at TestCases.IndividualLead.FillCOApplicantLayout(IndividualLead.java:567)
... Removed 25 stack frames]]>
    </failure>
  </testcase> <!-- FillCOApplicantLayout -->
  <testcase name="logOutwithCSE" time="0.009" classname="TestCases.IndividualLead">
    <failure type="java.lang.NullPointerException">
      <![CDATA[java.lang.NullPointerException
	at aufin.appmethods.com.LoginMethod.click_LoginOutButton(LoginMethod.java:23)
	at TestCases.IndividualLead.logOutwithCSE(IndividualLead.java:291)
... Removed 25 stack frames]]>
    </failure>
  </testcase> <!-- logOutwithCSE -->
  <testcase name="loginwithbranch" time="0.011" classname="TestCases.IndividualLead">
    <failure type="java.lang.NullPointerException">
      <![CDATA[java.lang.NullPointerException
	at aufin.appmethods.com.LoginMethod.Enter_txtName(LoginMethod.java:11)
	at TestCases.IndividualLead.loginwithbranch(IndividualLead.java:309)
... Removed 25 stack frames]]>
    </failure>
  </testcase> <!-- loginwithbranch -->
  <testcase name="takeactionByBM" time="0.01" classname="TestCases.IndividualLead">
    <failure type="java.lang.NoClassDefFoundError" message="Could not initialize class aufin.reposrity.com.Properties">
      <![CDATA[java.lang.NoClassDefFoundError: Could not initialize class aufin.reposrity.com.Properties
	at TestCases.IndividualLead.takeactionByBM(IndividualLead.java:336)
... Removed 25 stack frames]]>
    </failure>
  </testcase> <!-- takeactionByBM -->
  <testcase name="CLOSPRocessforparent" time="0.0" classname="TestCases.IndividualLead">
    <ignored/>
  </testcase> <!-- CLOSPRocessforparent -->
  <testcase name="coapplicantLeadHandoff" time="0.0" classname="TestCases.IndividualLead">
    <ignored/>
  </testcase> <!-- coapplicantLeadHandoff -->
  <testcase name="LeadtoCustomerDedupe" time="0.0" classname="TestCases.IndividualLead">
    <ignored/>
  </testcase> <!-- LeadtoCustomerDedupe -->
  <testcase name="LeadSearchonHome" time="0.0" classname="TestCases.IndividualLead">
    <ignored/>
  </testcase> <!-- LeadSearchonHome -->
  <testcase name="childRLOSProcess" time="0.0" classname="TestCases.IndividualLead">
    <ignored/>
  </testcase> <!-- childRLOSProcess -->
</testsuite> <!-- Indivial Customer LeadHandoff -->
