<?xml version="1.0" encoding="UTF-8"?>
<!-- Generated by org.testng.reporters.JUnitXMLReporter -->
<testsuite hostname="Ishantk-DSG" ignored="3" name="RLOS LeadHandoff with CLOS" tests="4" failures="1" timestamp="02 Nov 2017 09:34:56 GMT" time="0.677" errors="0">
  <testcase name="NavigatetoLead" time="0.468" classname="TestCases.AssetChanges"/>
  <testcase name="createApplicantLeadOnNewStage" time="0.068" classname="TestCases.AssetChanges"/>
  <testcase name="moveLeadToDocCollected" time="0.089" classname="TestCases.AssetChanges"/>
  <testcase name="FillCOApplicantLayout" time="0.022" classname="TestCases.AssetChanges">
    <failure type="java.lang.NullPointerException">
      <![CDATA[java.lang.NullPointerException
	at TestCases.AssetChanges.FillCOApplicantLayout(AssetChanges.java:395)
	at aufin.common.com.aufinscript$2.actionPerformed(aufinscript.java:158)
	at javax.swing.AbstractButton.fireActionPerformed(Unknown Source)
	at javax.swing.AbstractButton$Handler.actionPerformed(Unknown Source)
	at javax.swing.DefaultButtonModel.fireActionPerformed(Unknown Source)
	at javax.swing.DefaultButtonModel.setPressed(Unknown Source)
	at javax.swing.plaf.basic.BasicButtonListener.mouseReleased(Unknown Source)
	at java.awt.Component.processMouseEvent(Unknown Source)
	at javax.swing.JComponent.processMouseEvent(Unknown Source)
	at java.awt.Component.processEvent(Unknown Source)
	at java.awt.Container.processEvent(Unknown Source)
	at java.awt.Component.dispatchEventImpl(Unknown Source)
	at java.awt.Container.dispatchEventImpl(Unknown Source)
	at java.awt.Component.dispatchEvent(Unknown Source)
	at java.awt.LightweightDispatcher.retargetMouseEvent(Unknown Source)
	at java.awt.LightweightDispatcher.processMouseEvent(Unknown Source)
	at java.awt.LightweightDispatcher.dispatchEvent(Unknown Source)
	at java.awt.Container.dispatchEventImpl(Unknown Source)
	at java.awt.Window.dispatchEventImpl(Unknown Source)
	at java.awt.Component.dispatchEvent(Unknown Source)
	at java.awt.EventQueue.dispatchEventImpl(Unknown Source)
	at java.awt.EventQueue.access$500(Unknown Source)
	at java.awt.EventQueue$3.run(Unknown Source)
	at java.awt.EventQueue$3.run(Unknown Source)
	at java.security.AccessController.doPrivileged(Native Method)
	at java.security.ProtectionDomain$JavaSecurityAccessImpl.doIntersectionPrivilege(Unknown Source)
	at java.security.ProtectionDomain$JavaSecurityAccessImpl.doIntersectionPrivilege(Unknown Source)
	at java.awt.EventQueue$4.run(Unknown Source)
	at java.awt.EventQueue$4.run(Unknown Source)
	at java.security.AccessController.doPrivileged(Native Method)
	at java.security.ProtectionDomain$JavaSecurityAccessImpl.doIntersectionPrivilege(Unknown Source)
	at java.awt.EventQueue.dispatchEvent(Unknown Source)
	at java.awt.EventDispatchThread.pumpOneEventForFilters(Unknown Source)
	at java.awt.EventDispatchThread.pumpEventsForFilter(Unknown Source)
	at java.awt.EventDispatchThread.pumpEventsForHierarchy(Unknown Source)
	at java.awt.EventDispatchThread.pumpEvents(Unknown Source)
	at java.awt.EventDispatchThread.pumpEvents(Unknown Source)
	at java.awt.EventDispatchThread.run(Unknown Source)
... Removed 22 stack frames]]>
    </failure>
  </testcase> <!-- FillCOApplicantLayout -->
  <testcase name="coapplicantLeadHandoff" time="0.0" classname="TestCases.AssetChanges">
    <ignored/>
  </testcase> <!-- coapplicantLeadHandoff -->
  <testcase name="CLOSPRocessforparent" time="0.0" classname="TestCases.AssetChanges">
    <ignored/>
  </testcase> <!-- CLOSPRocessforparent -->
  <testcase name="childRLOSProcess" time="0.0" classname="TestCases.AssetChanges">
    <ignored/>
  </testcase> <!-- childRLOSProcess -->
</testsuite> <!-- RLOS LeadHandoff with CLOS -->
